Arguments: 
  C:\Program Files\nodejs\node.exe C:\Users\graci\AppData\Roaming\npm\node_modules\yarn\bin\yarn.js install

PATH: 
  C:\Program Files (x86)\Common Files\Oracle\Java\javapath;C:\Program Files\Java\jdk-11.0.8\bin;C:\Program Files\Common Files\Oracle\Java\javapath;C:\Program Files\Java\jdk-11.0.8\bin;C:\Program Files\Java\jdk-14.0.2\bin;C:\Python38\;C:\WINDOWS\system32;C:\WINDOWS;C:\WINDOWS\System32\Wbem;C:\WINDOWS\System32\WindowsPowerShell\v1.0\;C:\WINDOWS\System32\OpenSSH\;C:\Program Files\nodejs\;C:\ProgramData\chocolatey\bin;C:\MinGW\bin;C:\Program Files\Git\cmd;C:\Program Files\PostgreSQL\12\bin;C:\Python38\Scripts;C:\Program Files\dotnet\;C:\Program Files\Microsoft SQL Server\130\Tools\Binn\;C:\Program Files\Docker\Docker\resources\bin;C:\ProgramData\DockerDesktop\version-bin;C:\Users\graci\AppData\Local\Android\Sdk\tools;C:\Users\graci\AppData\Local\Android\Sdk\platform-tools;C:\Users\graci\AppData\Local\Microsoft\WindowsApps;C:\Users\graci\AppData\Roaming\npm;C:\Users\graci\AppData\Local\Programs\Microsoft VS Code\bin;C:\Program Files\heroku\bin;C:\Program Files\PostgreSQL\12\bin;C:\Python38\Scripts;C:\Users\graci\.dotnet\tools

Yarn version: 
  1.22.11

Node version: 
  12.18.2

Platform: 
  win32 x64

Trace: 
  Error: connect ECONNABORTED 104.16.17.35:443
      at TCPConnectWrap.afterConnect [as oncomplete] (net.js:1141:16)

npm manifest: 
  {
    "name": "doraemonangis-backend",
    "version": "1.0.0",
    "description": "",
    "main": "index.js",
    "scripts": {
      "dev": "nodemon server.js",
      "prod": "nodemon server.js", 
      "run-prod": "docker-compose -f deployments/compose-prod/docker-compose.yml up --build -d"
    },
    "author": "",
    "license": "ISC",
    "dependencies": {
      "cors": "^2.8.5",
      "dotenv": "^10.0.0",
      "express": "^4.17.1",
      "mongoose": "^5.13.2",
      "multer": "^1.4.2"
    }
  }

yarn manifest: 
  No manifest

Lockfile: 
  No lockfile
